[     214ms] Error: Hydration failed because the server rendered HTML didn't match the client. As a result this tree will be regenerated on the client. This can happen if a SSR-ed Client Component used:

- A server/client branch `if (typeof window !== 'undefined')`.
- Variable input such as `Date.now()` or `Math.random()` which changes each time it's called.
- Date formatting in a user's locale which doesn't match the server.
- External changing data without sending a snapshot of it along with the HTML.
- Invalid HTML tag nesting.

It can also happen if the client has a browser extension installed which messes with the HTML before React loaded.

https://react.dev/link/hydration-mismatch

  ...
    <HTTPAccessFallbackBoundary notFound={<NotAllowedRootHTTPFallbackError>}>
      <HTTPAccessFallbackErrorBoundary pathname="/" notFound={<NotAllowedRootHTTPFallbackError>} forbidden={undefined} ...>
        <RedirectBoundary>
          <RedirectErrorBoundary router={{...}}>
            <Head>
            <__next_root_layout_boundary__>
              <SegmentViewNode type="layout" pagePath="layout.tsx">
                <SegmentTrieNode>
                <link>
                <script>
                <script>
                <script>
                <RootLayout>
                  <html lang="en" suppressHydrationWarning={true}>
                    <body className="chakra_pet...">
                      <Header>
                        <a>
                        <header className="sticky top...">
                          <div className="smx-shell ...">
                            <div className="flex h-16 ...">
                              <Brand>
                              <_c>
                              <div className="hidden ite...">
                                <ThemeToggle>
                                  <button
                                    type="button"
                                    onClick={function onClick}
                                    className="button-ghost h-9 rounded-md px-3 text-[11px] font-semibold uppercase tr..."
+                                   aria-label="Switch to dark theme"
-                                   aria-label="Switch to light theme"
+                                   title="Switch to dark theme"
-                                   title="Switch to light theme"
                                  >
                                    <MoonStars size={14}>
                                      <svg
                                        ref={null}
                                        xmlns="http://www.w3.org/2000/svg"
                                        width={14}
                                        height={14}
                                        viewBox="0 0 24 24"
                                        fill="none"
                                        stroke="currentColor"
                                        strokeWidth={2}
                                        strokeLinecap="round"
                                        strokeLinejoin="round"
+                                       className={"tabler-icon tabler-icon-moon-stars "}
-                                       className={"tabler-icon tabler-icon-sun-high "}
                                      >
                                        <path
+                                         d="M12 3c.132 0 .263 0 .393 0a7.5 7.5 0 0 0 7.92 12.446a9 9 0 1 1 -8.313 -12..."
-                                         d="M14.828 14.828a4 4 0 1 0 -5.656 -5.656a4 4 0 0 0 5.656 5.656"
                                        >
                                        <path
+                                         d="M17 4a2 2 0 0 0 2 2a2 2 0 0 0 -2 2a2 2 0 0 0 -2 -2a2 2 0 0 0 2 -2"
-                                         d="M6.343 17.657l-1.414 1.414"
                                        >
                                        <path
+                                         d="M19 11h2m-1 -1v2"
-                                         d="M6.343 6.343l-1.414 -1.414"
                                        >
-                                       <path d="M17.657 6.343l1.414 -1.414">
-                                       <path d="M17.657 17.657l1.414 1.414">
-                                       <path d="M4 12h-2">
-                                       <path d="M12 4v-2">
-                                       <path d="M20 12h2">
-                                       <path d="M12 20v2">
                                    ...
                                ...
                              ...
                        ...
                      ...
            ...

    at throwOnHydrationMismatch (http://localhost:3000/_next/static/chunks/node_modules_next_dist_compiled_react-dom_1e674e59._.js:3348:56)
    at popHydrationState (http://localhost:3000/_next/static/chunks/node_modules_next_dist_compiled_react-dom_1e674e59._.js:3433:37)
    at completeWork (http://localhost:3000/_next/static/chunks/node_modules_next_dist_compiled_react-dom_1e674e59._.js:6934:42)
    at runWithFiberInDEV (http://localhost:3000/_next/static/chunks/node_modules_next_dist_compiled_react-dom_1e674e59._.js:965:131)
    at completeUnitOfWork (http://localhost:3000/_next/static/chunks/node_modules_next_dist_compiled_react-dom_1e674e59._.js:9627:23)
    at performUnitOfWork (http://localhost:3000/_next/static/chunks/node_modules_next_dist_compiled_react-dom_1e674e59._.js:9564:28)
    at workLoopConcurrentByScheduler (http://localhost:3000/_next/static/chunks/node_modules_next_dist_compiled_react-dom_1e674e59._.js:9558:75)
    at renderRootConcurrent (http://localhost:3000/_next/static/chunks/node_modules_next_dist_compiled_react-dom_1e674e59._.js:9541:71)
    at performWorkOnRoot (http://localhost:3000/_next/static/chunks/node_modules_next_dist_compiled_react-dom_1e674e59._.js:9068:150)
    at performWorkOnRootViaSchedulerTask (http://localhost:3000/_next/static/chunks/node_modules_next_dist_compiled_react-dom_1e674e59._.js:10230:26)
    at performWorkUntilDeadline (http://localhost:3000/_next/static/chunks/node_modules_next_dist_compiled_a0e4c7b4._.js:2647:72)
    at EventHandlerNonNull* (http://localhost:3000/_next/static/chunks/node_modules_next_dist_compiled_a0e4c7b4._.js:2752:9)
    at  (http://localhost:3000/_next/static/chunks/node_modules_next_dist_compiled_a0e4c7b4._.js:2859:2)
    at instantiateModule/< (http://localhost:3000/_next/static/chunks/turbopack-_23a915ee._.js:879:26)
    at runModuleExecutionHooks (http://localhost:3000/_next/static/chunks/turbopack-_23a915ee._.js:904:26)
    at instantiateModule (http://localhost:3000/_next/static/chunks/turbopack-_23a915ee._.js:877:32)
    at getOrInstantiateModuleFromParent (http://localhost:3000/_next/static/chunks/turbopack-_23a915ee._.js:830:12)
    at commonJsRequire (http://localhost:3000/_next/static/chunks/turbopack-_23a915ee._.js:259:12)
    at  (http://localhost:3000/_next/static/chunks/node_modules_next_dist_compiled_a0e4c7b4._.js:2869:44)
    at instantiateModule/< (http://localhost:3000/_next/static/chunks/turbopack-_23a915ee._.js:879:26)
    at runModuleExecutionHooks (http://localhost:3000/_next/static/chunks/turbopack-_23a915ee._.js:904:26)
    at instantiateModule (http://localhost:3000/_next/static/chunks/turbopack-_23a915ee._.js:877:32)
    at getOrInstantiateModuleFromParent (http://localhost:3000/_next/static/chunks/turbopack-_23a915ee._.js:830:12)
    at commonJsRequire (http://localhost:3000/_next/static/chunks/turbopack-_23a915ee._.js:259:12)
    at  (http://localhost:3000/_next/static/chunks/node_modules_next_dist_compiled_react-dom_1e674e59._.js:13306:43)
    at  (http://localhost:3000/_next/static/chunks/node_modules_next_dist_compiled_react-dom_1e674e59._.js:16499:2)
    at instantiateModule/< (http://localhost:3000/_next/static/chunks/turbopack-_23a915ee._.js:879:26)
    at runModuleExecutionHooks (http://localhost:3000/_next/static/chunks/turbopack-_23a915ee._.js:904:26)
    at instantiateModule (http://localhost:3000/_next/static/chunks/turbopack-_23a915ee._.js:877:32)
    at getOrInstantiateModuleFromParent (http://localhost:3000/_next/static/chunks/turbopack-_23a915ee._.js:830:12)
    at commonJsRequire (http://localhost:3000/_next/static/chunks/turbopack-_23a915ee._.js:259:12)
    at  (http://localhost:3000/_next/static/chunks/node_modules_next_dist_compiled_react-dom_1e674e59._.js:16532:44)
    at instantiateModule/< (http://localhost:3000/_next/static/chunks/turbopack-_23a915ee._.js:879:26)
    at runModuleExecutionHooks (http://localhost:3000/_next/static/chunks/turbopack-_23a915ee._.js:904:26)
    at instantiateModule (http://localhost:3000/_next/static/chunks/turbopack-_23a915ee._.js:877:32)
    at getOrInstantiateModuleFromParent (http://localhost:3000/_next/static/chunks/turbopack-_23a915ee._.js:830:12)
    at commonJsRequire (http://localhost:3000/_next/static/chunks/turbopack-_23a915ee._.js:259:12)
    at  (http://localhost:3000/_next/static/chunks/node_modules_next_dist_client_17643121._.js:12441:80)
    at instantiateModule/< (http://localhost:3000/_next/static/chunks/turbopack-_23a915ee._.js:879:26)
    at runModuleExecutionHooks (http://localhost:3000/_next/static/chunks/turbopack-_23a915ee._.js:904:26)
    at instantiateModule (http://localhost:3000/_next/static/chunks/turbopack-_23a915ee._.js:877:32)
    at getOrInstantiateModuleFromParent (http://localhost:3000/_next/static/chunks/turbopack-_23a915ee._.js:830:12)
    at commonJsRequire (http://localhost:3000/_next/static/chunks/turbopack-_23a915ee._.js:259:12)
    at  (http://localhost:3000/_next/static/chunks/node_modules_next_dist_client_17643121._.js:12703:47)
    at appBootstrap/< (http://localhost:3000/_next/static/chunks/node_modules_next_dist_client_17643121._.js:177:16)
    at loadScriptsInSequence (http://localhost:3000/_next/static/chunks/node_modules_next_dist_client_17643121._.js:141:16)
    at appBootstrap (http://localhost:3000/_next/static/chunks/node_modules_next_dist_client_17643121._.js:170:26)
    at  (http://localhost:3000/_next/static/chunks/node_modules_next_dist_client_17643121._.js:12702:32)
    at instantiateModule/< (http://localhost:3000/_next/static/chunks/turbopack-_23a915ee._.js:879:26)
    at runModuleExecutionHooks (http://localhost:3000/_next/static/chunks/turbopack-_23a915ee._.js:904:26)
    at instantiateModule (http://localhost:3000/_next/static/chunks/turbopack-_23a915ee._.js:877:32)
    at getOrInstantiateRuntimeModule (http://localhost:3000/_next/static/chunks/turbopack-_23a915ee._.js:808:12)
    at registerChunk (http://localhost:3000/_next/static/chunks/turbopack-_23a915ee._.js:1626:50)
    at async*registerChunk (http://localhost:3000/_next/static/chunks/turbopack-_23a915ee._.js:1564:20)
    at  (http://localhost:3000/_next/static/chunks/turbopack-_23a915ee._.js:1853:18)
    at  (http://localhost:3000/_next/static/chunks/turbopack-_23a915ee._.js:1857:3)
