Total messages: 11 (Errors: 0, Warnings: 8)

[WARNING] [JavaScript Warning: "“soundmaxx-ce5077ej3-charles-shaws-projects.vercel.app” has been classified as a bounce tracker. If it does not receive user activation within the next 3,600 seconds it will have its state purged."] @ :0
[LOG] 
▲

__  __                                     _            __
\ \/ /___  __  __   _________ _____       (_)_  _______/ /_
 \  / __ \/ / / /  / ___/ __ `/ __ \     / / / / / ___/ __/
 / / /_/ / /_/ /  / /__/ /_/ / / / /    / / /_/ (__  ) /_
/_/\____/\__,_/   \___/\__,_/_/ /_/  __/ /\__,_/____/\__/
         __    _          __  __    /___/
   _____/ /_  (_)___     / /_/ /_  (_)___  ____ ______
  / ___/ __ \/ / __ \   / __/ __ \/ / __ \/ __ `/ ___/
 (__  ) / / / / /_/ /  / /_/ / / / / / / / /_/ (__  )
/____/_/ /_/_/ .___/   \__/_/ /_/_/_/ /_/\__, /____/
            /_/                         /____/
  

Hello!

- Open Source https://vercel.com/oss
- Careers https://vercel.com/careers
- Status https://vercel-status.com

 @ https://vercel.com/_next/static/chunks/c1a409339a03c3a6.js?dpl=dpl_EeBCRtKvKJ4dJhFgY9cczXvZvE84:72
[INFO] [JavaScript Error: "Referrer Policy: Ignoring the less restricted referrer policy “origin-when-cross-origin” for the cross-site request: https://accounts.google.com/gsi/client" {file: "https://accounts.google.com/gsi/client" line: 0}] @ https://accounts.google.com/gsi/client:0
[WARNING] [GSI_LOGGER]: Your client application uses one of the Google One Tap prompt UI status methods that may stop functioning when FedCM becomes mandatory. Refer to the migration guide to update your code accordingly and opt-in to FedCM to test your changes. Learn more: https://developers.google.com/identity/gsi/web/guides/fedcm-migration?s=dc#display_moment and https://developers.google.com/identity/gsi/web/guides/fedcm-migration?s=dc#skipped_moment @ https://accounts.google.com/gsi/client:80
[INFO] [JavaScript Error: "Referrer Policy: Ignoring the less restricted referrer policy “origin-when-cross-origin” for the cross-site request: https://accounts.google.com/gsi/status?client_id=258013614557-nema0dumfbottebi6to7aqi85qot9pvs.apps.googleusercontent.com&cas=ZWa1MoPJ7F7HMOPbw6xvh3NIWUNyV%2FACUrZTkKAc6Cs&bs=zjO5OaX%2FfW%2B%2B6%2FWHD9VAc7KwS4ZB%2FL8N1K8hsAWeAdE&is_itp=true" {file: "https://accounts.google.com/gsi/status?client_id=258013614557-nema0dumfbottebi6to7aqi85qot9pvs.apps.googleusercontent.com&cas=ZWa1MoPJ7F7HMOPbw6xvh3NIWUNyV%2FACUrZTkKAc6Cs&bs=zjO5OaX%2FfW%2B%2B6%2FWHD9VAc7KwS4ZB%2FL8N1K8hsAWeAdE&is_itp=true" line: 0}] @ https://accounts.google.com/gsi/status?client_id=258013614557-nema0dumfbottebi6to7aqi85qot9pvs.apps.googleusercontent.com&cas=ZWa1MoPJ7F7HMOPbw6xvh3NIWUNyV%2FACUrZTkKAc6Cs&bs=zjO5OaX%2FfW%2B%2B6%2FWHD9VAc7KwS4ZB%2FL8N1K8hsAWeAdE&is_itp=true:0
[WARNING] [JavaScript Warning: "WEBGL_debug_renderer_info is deprecated in Firefox and will be removed. Please use RENDERER." {file: "https://vercel.com/_stream/external/cdn.sift.com/s.js" line: 25}] @ https://vercel.com/_stream/external/cdn.sift.com/s.js:25
[WARNING] [JavaScript Warning: "Content-Security-Policy: Couldn’t process unknown directive ‘require-trusted-types-for’" {file: "https://accounts.google.com/gsi/iframe/select?client_id=258013614557-nema0dumfbottebi6to7aqi85qot9pvs.apps.googleusercontent.com&ux_mode=popup&ui_mode=card&as=8v2bkEELhL3UckPi77aopTGDIbWbr9wdMXO8kLb3Tpw&bs=zjO5OaX%2FfW%2B%2B6%2FWHD9VAc7KwS4ZB%2FL8N1K8hsAWeAdE&is_itp=true&channel_id=c2a5dcdc384f2243be0214378f5098ea0d53431c24778ab443dc3afc3ae8b821&origin=https%3A%2F%2Fvercel.com&oauth2_auth_url=https%3A%2F%2Faccounts.google.com%2Fo%2Foauth2%2Fv2%2Fauth" line: 0}] @ https://accounts.google.com/gsi/iframe/select?client_id=258013614557-nema0dumfbottebi6to7aqi85qot9pvs.apps.googleusercontent.com&ux_mode=popup&ui_mode=card&as=8v2bkEELhL3UckPi77aopTGDIbWbr9wdMXO8kLb3Tpw&bs=zjO5OaX%2FfW%2B%2B6%2FWHD9VAc7KwS4ZB%2FL8N1K8hsAWeAdE&is_itp=true&channel_id=c2a5dcdc384f2243be0214378f5098ea0d53431c24778ab443dc3afc3ae8b821&origin=https%3A%2F%2Fvercel.com&oauth2_auth_url=https%3A%2F%2Faccounts.google.com%2Fo%2Foauth2%2Fv2%2Fauth:0
[WARNING] [JavaScript Warning: "Content-Security-Policy: Ignoring “'unsafe-inline'” within script-src: ‘strict-dynamic’ specified" {file: "https://accounts.google.com/gsi/iframe/select?client_id=258013614557-nema0dumfbottebi6to7aqi85qot9pvs.apps.googleusercontent.com&ux_mode=popup&ui_mode=card&as=8v2bkEELhL3UckPi77aopTGDIbWbr9wdMXO8kLb3Tpw&bs=zjO5OaX%2FfW%2B%2B6%2FWHD9VAc7KwS4ZB%2FL8N1K8hsAWeAdE&is_itp=true&channel_id=c2a5dcdc384f2243be0214378f5098ea0d53431c24778ab443dc3afc3ae8b821&origin=https%3A%2F%2Fvercel.com&oauth2_auth_url=https%3A%2F%2Faccounts.google.com%2Fo%2Foauth2%2Fv2%2Fauth" line: 0}] @ https://accounts.google.com/gsi/iframe/select?client_id=258013614557-nema0dumfbottebi6to7aqi85qot9pvs.apps.googleusercontent.com&ux_mode=popup&ui_mode=card&as=8v2bkEELhL3UckPi77aopTGDIbWbr9wdMXO8kLb3Tpw&bs=zjO5OaX%2FfW%2B%2B6%2FWHD9VAc7KwS4ZB%2FL8N1K8hsAWeAdE&is_itp=true&channel_id=c2a5dcdc384f2243be0214378f5098ea0d53431c24778ab443dc3afc3ae8b821&origin=https%3A%2F%2Fvercel.com&oauth2_auth_url=https%3A%2F%2Faccounts.google.com%2Fo%2Foauth2%2Fv2%2Fauth:0
[WARNING] [JavaScript Warning: "Content-Security-Policy: Ignoring “https:” within script-src: ‘strict-dynamic’ specified" {file: "https://accounts.google.com/gsi/iframe/select?client_id=258013614557-nema0dumfbottebi6to7aqi85qot9pvs.apps.googleusercontent.com&ux_mode=popup&ui_mode=card&as=8v2bkEELhL3UckPi77aopTGDIbWbr9wdMXO8kLb3Tpw&bs=zjO5OaX%2FfW%2B%2B6%2FWHD9VAc7KwS4ZB%2FL8N1K8hsAWeAdE&is_itp=true&channel_id=c2a5dcdc384f2243be0214378f5098ea0d53431c24778ab443dc3afc3ae8b821&origin=https%3A%2F%2Fvercel.com&oauth2_auth_url=https%3A%2F%2Faccounts.google.com%2Fo%2Foauth2%2Fv2%2Fauth" line: 0}] @ https://accounts.google.com/gsi/iframe/select?client_id=258013614557-nema0dumfbottebi6to7aqi85qot9pvs.apps.googleusercontent.com&ux_mode=popup&ui_mode=card&as=8v2bkEELhL3UckPi77aopTGDIbWbr9wdMXO8kLb3Tpw&bs=zjO5OaX%2FfW%2B%2B6%2FWHD9VAc7KwS4ZB%2FL8N1K8hsAWeAdE&is_itp=true&channel_id=c2a5dcdc384f2243be0214378f5098ea0d53431c24778ab443dc3afc3ae8b821&origin=https%3A%2F%2Fvercel.com&oauth2_auth_url=https%3A%2F%2Faccounts.google.com%2Fo%2Foauth2%2Fv2%2Fauth:0
[WARNING] [JavaScript Warning: "Content-Security-Policy: Ignoring “http:” within script-src: ‘strict-dynamic’ specified" {file: "https://accounts.google.com/gsi/iframe/select?client_id=258013614557-nema0dumfbottebi6to7aqi85qot9pvs.apps.googleusercontent.com&ux_mode=popup&ui_mode=card&as=8v2bkEELhL3UckPi77aopTGDIbWbr9wdMXO8kLb3Tpw&bs=zjO5OaX%2FfW%2B%2B6%2FWHD9VAc7KwS4ZB%2FL8N1K8hsAWeAdE&is_itp=true&channel_id=c2a5dcdc384f2243be0214378f5098ea0d53431c24778ab443dc3afc3ae8b821&origin=https%3A%2F%2Fvercel.com&oauth2_auth_url=https%3A%2F%2Faccounts.google.com%2Fo%2Foauth2%2Fv2%2Fauth" line: 0}] @ https://accounts.google.com/gsi/iframe/select?client_id=258013614557-nema0dumfbottebi6to7aqi85qot9pvs.apps.googleusercontent.com&ux_mode=popup&ui_mode=card&as=8v2bkEELhL3UckPi77aopTGDIbWbr9wdMXO8kLb3Tpw&bs=zjO5OaX%2FfW%2B%2B6%2FWHD9VAc7KwS4ZB%2FL8N1K8hsAWeAdE&is_itp=true&channel_id=c2a5dcdc384f2243be0214378f5098ea0d53431c24778ab443dc3afc3ae8b821&origin=https%3A%2F%2Fvercel.com&oauth2_auth_url=https%3A%2F%2Faccounts.google.com%2Fo%2Foauth2%2Fv2%2Fauth:0
[WARNING] [JavaScript Warning: "Content-Security-Policy: Ignoring “'unsafe-inline'” within script-src: nonce-source or hash-source specified" {file: "https://accounts.google.com/gsi/iframe/select?client_id=258013614557-nema0dumfbottebi6to7aqi85qot9pvs.apps.googleusercontent.com&ux_mode=popup&ui_mode=card&as=8v2bkEELhL3UckPi77aopTGDIbWbr9wdMXO8kLb3Tpw&bs=zjO5OaX%2FfW%2B%2B6%2FWHD9VAc7KwS4ZB%2FL8N1K8hsAWeAdE&is_itp=true&channel_id=c2a5dcdc384f2243be0214378f5098ea0d53431c24778ab443dc3afc3ae8b821&origin=https%3A%2F%2Fvercel.com&oauth2_auth_url=https%3A%2F%2Faccounts.google.com%2Fo%2Foauth2%2Fv2%2Fauth" line: 0}] @ https://accounts.google.com/gsi/iframe/select?client_id=258013614557-nema0dumfbottebi6to7aqi85qot9pvs.apps.googleusercontent.com&ux_mode=popup&ui_mode=card&as=8v2bkEELhL3UckPi77aopTGDIbWbr9wdMXO8kLb3Tpw&bs=zjO5OaX%2FfW%2B%2B6%2FWHD9VAc7KwS4ZB%2FL8N1K8hsAWeAdE&is_itp=true&channel_id=c2a5dcdc384f2243be0214378f5098ea0d53431c24778ab443dc3afc3ae8b821&origin=https%3A%2F%2Fvercel.com&oauth2_auth_url=https%3A%2F%2Faccounts.google.com%2Fo%2Foauth2%2Fv2%2Fauth:0