[GET] https://soundmaxx.vercel.app/tools/stem-isolation?_rsc=1fcus => [200] 
[GET] https://soundmaxx.vercel.app/?_rsc=1fcus => [200] 
[GET] https://soundmaxx.vercel.app/?_rsc=efdam => [200] 
[GET] https://soundmaxx.vercel.app/?_rsc=s0gdq => [200] 
[GET] https://soundmaxx.vercel.app/?_rsc=13b2h => [200] 
[GET] https://soundmaxx.vercel.app/tools/stem-isolation?_rsc=efdam => [200] 
[GET] https://soundmaxx.vercel.app/tools/stem-isolation?_rsc=erdlx => [200] 
[GET] https://soundmaxx.vercel.app/tools/stem-isolation?_rsc=1bc3b => [200] 
[GET] https://soundmaxx.vercel.app/tools/stem-isolation?_rsc=ie6kr => [200] 
[POST] https://soundmaxx.vercel.app/api/upload/init => [200] 
[PUT] https://soundmaxx.vercel.app/api/upload/content/uZzwc3-tEzHBjW4PUc => [200] 
[POST] https://soundmaxx.vercel.app/api/jobs => [200] 
[GET] https://soundmaxx.vercel.app/api/jobs/I5RM1-updclbMJkC4B => [200] 
[GET] https://soundmaxx.vercel.app/api/jobs/I5RM1-updclbMJkC4B => [200] 
[GET] https://soundmaxx.vercel.app/api/jobs/I5RM1-updclbMJkC4B => [200] 
[GET] https://soundmaxx.vercel.app/api/jobs/I5RM1-updclbMJkC4B => [200] 
[GET] https://soundmaxx.vercel.app/api/jobs/I5RM1-updclbMJkC4B => [200] 
[GET] https://soundmaxx.vercel.app/api/jobs/I5RM1-updclbMJkC4B => [200] 
[GET] https://soundmaxx.vercel.app/api/jobs/I5RM1-updclbMJkC4B => [200] 
[GET] https://soundmaxx.vercel.app/api/jobs/I5RM1-updclbMJkC4B => [200] 
[GET] https://soundmaxx.vercel.app/api/jobs/I5RM1-updclbMJkC4B => [200] 
[GET] https://soundmaxx.vercel.app/api/jobs/I5RM1-updclbMJkC4B => [200] 
[GET] https://soundmaxx.vercel.app/api/jobs/I5RM1-updclbMJkC4B => [200] 
[GET] https://soundmaxx.vercel.app/api/jobs/I5RM1-updclbMJkC4B => [200] 
[GET] https://soundmaxx.vercel.app/api/jobs/I5RM1-updclbMJkC4B => [200] 
[GET] https://soundmaxx.vercel.app/api/jobs/I5RM1-updclbMJkC4B => [200] 
[GET] https://soundmaxx.vercel.app/api/jobs/I5RM1-updclbMJkC4B => [200] 
[GET] https://soundmaxx.vercel.app/api/jobs/I5RM1-updclbMJkC4B => [200] 
[GET] https://soundmaxx.vercel.app/api/jobs/I5RM1-updclbMJkC4B => [200] 
[GET] https://soundmaxx.vercel.app/api/jobs/I5RM1-updclbMJkC4B => [200] 
[GET] https://soundmaxx.vercel.app/api/jobs/I5RM1-updclbMJkC4B => [200] 
[GET] https://soundmaxx.vercel.app/api/jobs/I5RM1-updclbMJkC4B => [200] 
[GET] https://soundmaxx.vercel.app/api/jobs/I5RM1-updclbMJkC4B => [200] 
[GET] https://soundmaxx.vercel.app/api/jobs/I5RM1-updclbMJkC4B => [200] 
[GET] https://soundmaxx.vercel.app/api/jobs/I5RM1-updclbMJkC4B => [200] 
[GET] https://soundmaxx.vercel.app/api/jobs/I5RM1-updclbMJkC4B => [200] 
[GET] https://soundmaxx.vercel.app/api/jobs/I5RM1-updclbMJkC4B => [200] 
[GET] https://soundmaxx.vercel.app/api/jobs/I5RM1-updclbMJkC4B => [200] 
[GET] https://soundmaxx.vercel.app/api/jobs/I5RM1-updclbMJkC4B => [200] 
[GET] https://soundmaxx.vercel.app/api/jobs/I5RM1-updclbMJkC4B => [200] 
[GET] https://soundmaxx.vercel.app/api/jobs/I5RM1-updclbMJkC4B => [200] 
[GET] https://soundmaxx.vercel.app/api/jobs/I5RM1-updclbMJkC4B => [200] 
[GET] https://soundmaxx.vercel.app/api/jobs/I5RM1-updclbMJkC4B => [200] 
[GET] https://soundmaxx.vercel.app/api/jobs/I5RM1-updclbMJkC4B => [200] 
[GET] https://soundmaxx.vercel.app/api/jobs/I5RM1-updclbMJkC4B => [200] 
[GET] https://soundmaxx.vercel.app/api/jobs/I5RM1-updclbMJkC4B => [200] 
[GET] https://soundmaxx.vercel.app/api/jobs/I5RM1-updclbMJkC4B => [200] 
[GET] https://soundmaxx.vercel.app/api/jobs/I5RM1-updclbMJkC4B => [200] 
[GET] https://soundmaxx.vercel.app/api/jobs/I5RM1-updclbMJkC4B => [200] 
[GET] https://soundmaxx.vercel.app/api/jobs/I5RM1-updclbMJkC4B => [200] 
[GET] https://soundmaxx.vercel.app/api/jobs/I5RM1-updclbMJkC4B => [200] 
[GET] https://soundmaxx.vercel.app/api/jobs/I5RM1-updclbMJkC4B => [200] 
[GET] https://soundmaxx.vercel.app/api/jobs/I5RM1-updclbMJkC4B => [200] 
[GET] https://soundmaxx.vercel.app/api/jobs/I5RM1-updclbMJkC4B => [200] 
[GET] https://soundmaxx.vercel.app/api/jobs/I5RM1-updclbMJkC4B => [200] 
[GET] https://soundmaxx.vercel.app/api/jobs/I5RM1-updclbMJkC4B => [200] 
[GET] https://soundmaxx.vercel.app/api/jobs/I5RM1-updclbMJkC4B => [200] 
[GET] https://soundmaxx.vercel.app/api/jobs/I5RM1-updclbMJkC4B => [200] 
[GET] https://soundmaxx.vercel.app/api/jobs/I5RM1-updclbMJkC4B => [200] 
[GET] https://soundmaxx.vercel.app/api/jobs/I5RM1-updclbMJkC4B => [200] 
[GET] https://soundmaxx.vercel.app/api/jobs/I5RM1-updclbMJkC4B => [200] 
[GET] https://soundmaxx.vercel.app/api/jobs/I5RM1-updclbMJkC4B => [200] 
[GET] https://soundmaxx.vercel.app/api/jobs/I5RM1-updclbMJkC4B => [200] 
[GET] https://soundmaxx.vercel.app/api/jobs/I5RM1-updclbMJkC4B => [200] 
[GET] https://soundmaxx.vercel.app/api/jobs/I5RM1-updclbMJkC4B => [200] 
[GET] https://soundmaxx.vercel.app/api/jobs/I5RM1-updclbMJkC4B => [200] 
[GET] https://soundmaxx.vercel.app/api/jobs/I5RM1-updclbMJkC4B => [200] 
[GET] https://soundmaxx.vercel.app/api/jobs/I5RM1-updclbMJkC4B => [200] 
[GET] https://soundmaxx.vercel.app/api/jobs/I5RM1-updclbMJkC4B => [200] 
[GET] https://soundmaxx.vercel.app/api/jobs/I5RM1-updclbMJkC4B => [200] 
[GET] https://soundmaxx.vercel.app/api/jobs/I5RM1-updclbMJkC4B => [200] 
[GET] https://soundmaxx.vercel.app/api/jobs/I5RM1-updclbMJkC4B => [200] 
[GET] https://soundmaxx.vercel.app/api/jobs/I5RM1-updclbMJkC4B => [200] 
[GET] https://soundmaxx.vercel.app/api/artifacts/qw_A2DM9_NK0fEE9wO => [200] 
[GET] https://soundmaxx.vercel.app/api/artifacts/YLAycFFt7p3N8NjsxF => [200] 
[GET] https://soundmaxx.vercel.app/api/artifacts/W2tF2B2C35bzV2sS3b => [200] 
[GET] https://soundmaxx.vercel.app/api/artifacts/QUXhg6llyvInlqd-Y_ => [200] 
[GET] https://soundmaxx.vercel.app/api/artifacts/SUIM4rjsFUu0Muc_1A => [200] 
[GET] https://zzxaysps8xemdivq.public.blob.vercel-storage.com/artifacts/I5RM1-updclbMJkC4B/provided-1.wav?download=1 => [206] 
[GET] https://zzxaysps8xemdivq.public.blob.vercel-storage.com/artifacts/I5RM1-updclbMJkC4B/provided-1.wav?download=1 => [206] 