[GET] https://soundmaxx-32gwytggh-charles-shaws-projects.vercel.app/tools/key-bpm?_rsc=1r34m => [200] 
[GET] https://soundmaxx-32gwytggh-charles-shaws-projects.vercel.app/tools/mastering?_rsc=1r34m => [200] 
[GET] https://soundmaxx-32gwytggh-charles-shaws-projects.vercel.app/tools/stem-isolation?_rsc=1r34m => [200] 
[GET] https://soundmaxx-32gwytggh-charles-shaws-projects.vercel.app/?_rsc=1r34m => [200] 
[GET] https://soundmaxx-32gwytggh-charles-shaws-projects.vercel.app/tools/key-bpm?_rsc=1pn8p => [200] 
[GET] https://soundmaxx-32gwytggh-charles-shaws-projects.vercel.app/tools/key-bpm?_rsc=nn07o => [200] 
[GET] https://soundmaxx-32gwytggh-charles-shaws-projects.vercel.app/tools/key-bpm?_rsc=1ynwe => [200] 
[GET] https://soundmaxx-32gwytggh-charles-shaws-projects.vercel.app/tools/key-bpm?_rsc=10op4 => [200] 
[GET] https://soundmaxx-32gwytggh-charles-shaws-projects.vercel.app/tools/key-bpm?_rsc=fqce7 => [200] 
[GET] https://soundmaxx-32gwytggh-charles-shaws-projects.vercel.app/tools/mastering?_rsc=1pn8p => [200] 
[GET] https://soundmaxx-32gwytggh-charles-shaws-projects.vercel.app/tools/mastering?_rsc=10op4 => [200] 
[GET] https://soundmaxx-32gwytggh-charles-shaws-projects.vercel.app/tools/mastering?_rsc=fqce7 => [200] 
[GET] https://soundmaxx-32gwytggh-charles-shaws-projects.vercel.app/.well-known/vercel/jwe => [204] 
[GET] https://soundmaxx-32gwytggh-charles-shaws-projects.vercel.app/tools/stem-isolation?_rsc=1pn8p => [200] 
[GET] https://soundmaxx-32gwytggh-charles-shaws-projects.vercel.app/tools/stem-isolation?_rsc=10op4 => [200] 
[GET] https://soundmaxx-32gwytggh-charles-shaws-projects.vercel.app/tools/stem-isolation?_rsc=fqce7 => [200] 
[GET] https://soundmaxx-32gwytggh-charles-shaws-projects.vercel.app/?_rsc=1pn8p => [200] 
[POST] https://vercel.live/login/validate?hostname=soundmaxx-32gwytggh-charles-shaws-projects.vercel.app&deploymentId=dpl_fPkJHY9T5SkZvhvkxfiYkeVxFh3B => [200] 
[GET] https://soundmaxx-32gwytggh-charles-shaws-projects.vercel.app/?_rsc=ivliq => [200] 
[HEAD] https://soundmaxx-32gwytggh-charles-shaws-projects.vercel.app/ => [204] 
[GET] https://soundmaxx-32gwytggh-charles-shaws-projects.vercel.app/tools/midi-extract?_rsc=1r34m => [200] 
[GET] https://soundmaxx-32gwytggh-charles-shaws-projects.vercel.app/tools/loudness-report?_rsc=1r34m => [200] 
[GET] https://soundmaxx-32gwytggh-charles-shaws-projects.vercel.app/tools/midi-extract?_rsc=1pn8p => [200] 
[GET] https://soundmaxx-32gwytggh-charles-shaws-projects.vercel.app/tools/midi-extract?_rsc=10op4 => [200] 
[GET] https://soundmaxx-32gwytggh-charles-shaws-projects.vercel.app/tools/midi-extract?_rsc=fqce7 => [200] 
[GET] https://soundmaxx-32gwytggh-charles-shaws-projects.vercel.app/tools/loudness-report?_rsc=1pn8p => [200] 
[GET] https://soundmaxx-32gwytggh-charles-shaws-projects.vercel.app/tools/loudness-report?_rsc=10op4 => [200] 
[GET] https://soundmaxx-32gwytggh-charles-shaws-projects.vercel.app/tools/loudness-report?_rsc=fqce7 => [200] 
[POST] https://soundmaxx-32gwytggh-charles-shaws-projects.vercel.app/api/upload/init => [200] 
[PUT] https://soundmaxx-32gwytggh-charles-shaws-projects.vercel.app/api/upload/content/Q_DngIl_FnJsXkIuNf => [200] 
[POST] https://soundmaxx-32gwytggh-charles-shaws-projects.vercel.app/api/jobs