[GET] https://soundmaxx-kg8c2i6y2-charles-shaws-projects.vercel.app/ => [401] 
[GET] https://soundmaxx-kg8c2i6y2-charles-shaws-projects.vercel.app/.well-known/vercel-user-meta => [204] 
[GET] https://soundmaxx-kg8c2i6y2-charles-shaws-projects.vercel.app/.well-known/vercel-user-meta => [204] 
[GET] https://soundmaxx-kg8c2i6y2-charles-shaws-projects.vercel.app/.well-known/vercel-user-meta => [204] 
[GET] https://soundmaxx-kg8c2i6y2-charles-shaws-projects.vercel.app/.well-known/vercel-user-meta => [204] 
[GET] https://soundmaxx-kg8c2i6y2-charles-shaws-projects.vercel.app/.well-known/vercel-user-meta => [204] 
[GET] https://soundmaxx-kg8c2i6y2-charles-shaws-projects.vercel.app/.well-known/vercel-user-meta => [204] 
[GET] https://soundmaxx-kg8c2i6y2-charles-shaws-projects.vercel.app/.well-known/vercel-user-meta => [204] 
[GET] https://soundmaxx-kg8c2i6y2-charles-shaws-projects.vercel.app/.well-known/vercel-user-meta => [204] 
[GET] https://soundmaxx-kg8c2i6y2-charles-shaws-projects.vercel.app/.well-known/vercel-user-meta => [204] 
[GET] https://soundmaxx-kg8c2i6y2-charles-shaws-projects.vercel.app/.well-known/vercel-user-meta => [204] 
[GET] https://vercel.com/signup?next=%2Fsso-api%3Furl%3Dhttps%253A%252F%252Fsoundmaxx-kg8c2i6y2-charles-shaws-projects.vercel.app%252F%26nonce%3Def505fcb6ddd79684cf8cbd855c96ef0ad3ade43abbba292ae718e924aa00c6a&_rsc=17yrj => [200] 
[GET] https://vercel.com/signup?next=%2Fsso-api%3Furl%3Dhttps%253A%252F%252Fsoundmaxx-kg8c2i6y2-charles-shaws-projects.vercel.app%252F%26nonce%3Def505fcb6ddd79684cf8cbd855c96ef0ad3ade43abbba292ae718e924aa00c6a&_rsc=m8m8p => [200] 
[GET] https://vercel.com/signup?next=%2Fsso-api%3Furl%3Dhttps%253A%252F%252Fsoundmaxx-kg8c2i6y2-charles-shaws-projects.vercel.app%252F%26nonce%3Def505fcb6ddd79684cf8cbd855c96ef0ad3ade43abbba292ae718e924aa00c6a&_rsc=4c4j4 => [200] 
[GET] https://vercel.com/signup?next=%2Fsso-api%3Furl%3Dhttps%253A%252F%252Fsoundmaxx-kg8c2i6y2-charles-shaws-projects.vercel.app%252F%26nonce%3Def505fcb6ddd79684cf8cbd855c96ef0ad3ade43abbba292ae718e924aa00c6a&_rsc=12sxf => [200] 
[GET] https://vercel.com/signup?next=%2Fsso-api%3Furl%3Dhttps%253A%252F%252Fsoundmaxx-kg8c2i6y2-charles-shaws-projects.vercel.app%252F%26nonce%3Def505fcb6ddd79684cf8cbd855c96ef0ad3ade43abbba292ae718e924aa00c6a&_rsc=6qa0m => [200] 
[GET] https://accounts.google.com/gsi/status?client_id=258013614557-nema0dumfbottebi6to7aqi85qot9pvs.apps.googleusercontent.com&cas=blBL00S9lVp07hSbmD7cjjka30%2B60Mi1wGZ41VDR3z0&bs=fkW%2BGagwc8djDFfqbSwGU4wz8kSQkBjOTycen6wro2A&is_itp=true => [200] 
[GET] https://vercel.com/signup?next=%2Fsso-api%3Furl%3Dhttps%253A%252F%252Fsoundmaxx-kg8c2i6y2-charles-shaws-projects.vercel.app%252F%26nonce%3Def505fcb6ddd79684cf8cbd855c96ef0ad3ade43abbba292ae718e924aa00c6a&_rsc=8akuh => [200] 
[GET] https://vercel.com/signup?_rsc=17yrj => [200] 
[POST] https://o205439.ingest.sentry.io/api/1323670/envelope/?sentry_key=d00780d432ac4ccf882f60dd02062e14&sentry_version=7&sentry_client=sentry.javascript.browser%2F7.111.0 => [200] 
[GET] https://vercel.com/api/feature-flags => [200] 