[GET] https://soundmaxx.vercel.app/api/sessions/recent?limit=8 => [200] 
[GET] https://soundmaxx.vercel.app/tools/mastering?_rsc=1r34m => [200] 
[GET] https://soundmaxx.vercel.app/tools/stem-isolation?_rsc=1r34m => [200] 
[GET] https://soundmaxx.vercel.app/?_rsc=1r34m => [200] 
[GET] https://soundmaxx.vercel.app/tools/mastering?_rsc=1pn8p => [200] 
[GET] https://soundmaxx.vercel.app/tools/mastering?_rsc=nn07o => [200] 
[GET] https://soundmaxx.vercel.app/tools/mastering?_rsc=1ynwe => [200] 
[GET] https://soundmaxx.vercel.app/tools/mastering?_rsc=10op4 => [200] 
[GET] https://soundmaxx.vercel.app/tools/mastering?_rsc=fqce7 => [200] 
[GET] https://soundmaxx.vercel.app/tools/stem-isolation?_rsc=1pn8p => [200] 
[GET] https://soundmaxx.vercel.app/tools/stem-isolation?_rsc=10op4 => [200] 
[GET] https://soundmaxx.vercel.app/tools/stem-isolation?_rsc=fqce7 => [200] 
[GET] https://soundmaxx.vercel.app/?_rsc=1pn8p => [200] 
[GET] https://soundmaxx.vercel.app/?_rsc=ivliq => [200] 
[POST] https://soundmaxx.vercel.app/api/upload/init => [200] 
[PUT] https://soundmaxx.vercel.app/api/upload/content/HjriC_skiJzMgq4L-R => [200] 
[POST] https://soundmaxx.vercel.app/api/jobs => [200] 
[GET] https://soundmaxx.vercel.app/api/jobs/Jqt8uTEhnzEJMMP7gL => [200] 
[GET] https://soundmaxx.vercel.app/api/jobs/Jqt8uTEhnzEJMMP7gL => [200] 
[GET] https://soundmaxx.vercel.app/api/jobs/Jqt8uTEhnzEJMMP7gL => [200] 
[GET] https://soundmaxx.vercel.app/api/jobs/Jqt8uTEhnzEJMMP7gL => [200] 
[GET] https://soundmaxx.vercel.app/api/jobs/Jqt8uTEhnzEJMMP7gL => [200] 
[GET] https://soundmaxx.vercel.app/api/jobs/Jqt8uTEhnzEJMMP7gL => [200] 
[GET] https://soundmaxx.vercel.app/api/jobs/Jqt8uTEhnzEJMMP7gL => [200] 
[GET] https://soundmaxx.vercel.app/api/jobs/Jqt8uTEhnzEJMMP7gL => [200] 
[GET] https://soundmaxx.vercel.app/api/jobs/Jqt8uTEhnzEJMMP7gL => [200] 
[GET] https://soundmaxx.vercel.app/api/jobs/Jqt8uTEhnzEJMMP7gL => [200] 
[GET] https://soundmaxx.vercel.app/api/jobs/Jqt8uTEhnzEJMMP7gL => [200] 
[GET] https://soundmaxx.vercel.app/api/jobs/Jqt8uTEhnzEJMMP7gL => [200] 
[GET] https://soundmaxx.vercel.app/api/jobs/Jqt8uTEhnzEJMMP7gL => [200] 
[GET] https://soundmaxx.vercel.app/api/jobs/Jqt8uTEhnzEJMMP7gL => [200] 
[GET] https://soundmaxx.vercel.app/api/jobs/Jqt8uTEhnzEJMMP7gL => [200] 
[GET] https://soundmaxx.vercel.app/api/jobs/Jqt8uTEhnzEJMMP7gL => [200] 
[GET] https://soundmaxx.vercel.app/api/jobs/Jqt8uTEhnzEJMMP7gL => [200] 
[GET] https://soundmaxx.vercel.app/api/jobs/Jqt8uTEhnzEJMMP7gL => [200] 
[GET] https://soundmaxx.vercel.app/api/jobs/Jqt8uTEhnzEJMMP7gL => [200] 
[GET] https://soundmaxx.vercel.app/api/jobs/Jqt8uTEhnzEJMMP7gL => [200] 
[GET] https://soundmaxx.vercel.app/api/jobs/Jqt8uTEhnzEJMMP7gL => [200] 
[GET] https://soundmaxx.vercel.app/api/jobs/Jqt8uTEhnzEJMMP7gL => [200] 
[GET] https://soundmaxx.vercel.app/api/jobs/Jqt8uTEhnzEJMMP7gL => [200] 
[GET] https://soundmaxx.vercel.app/api/jobs/Jqt8uTEhnzEJMMP7gL => [200] 
[GET] https://soundmaxx.vercel.app/api/jobs/Jqt8uTEhnzEJMMP7gL => [200] 
[GET] https://soundmaxx.vercel.app/api/jobs/Jqt8uTEhnzEJMMP7gL => [200] 
[GET] https://soundmaxx.vercel.app/api/jobs/Jqt8uTEhnzEJMMP7gL => [200] 
[GET] https://soundmaxx.vercel.app/api/jobs/Jqt8uTEhnzEJMMP7gL => [200] 
[GET] https://soundmaxx.vercel.app/api/jobs/Jqt8uTEhnzEJMMP7gL => [200] 
[GET] https://soundmaxx.vercel.app/api/jobs/Jqt8uTEhnzEJMMP7gL => [200] 
[GET] https://soundmaxx.vercel.app/api/jobs/Jqt8uTEhnzEJMMP7gL => [200] 
[GET] https://soundmaxx.vercel.app/api/jobs/Jqt8uTEhnzEJMMP7gL => [200] 
[GET] https://soundmaxx.vercel.app/api/jobs/Jqt8uTEhnzEJMMP7gL => [200] 
[GET] https://soundmaxx.vercel.app/api/jobs/Jqt8uTEhnzEJMMP7gL => [200] 
[GET] https://soundmaxx.vercel.app/api/jobs/Jqt8uTEhnzEJMMP7gL => [200] 
[GET] https://soundmaxx.vercel.app/api/jobs/Jqt8uTEhnzEJMMP7gL => [200] 
[GET] https://soundmaxx.vercel.app/api/jobs/Jqt8uTEhnzEJMMP7gL => [200] 
[GET] https://soundmaxx.vercel.app/api/jobs/Jqt8uTEhnzEJMMP7gL => [200] 
[GET] https://soundmaxx.vercel.app/api/jobs/Jqt8uTEhnzEJMMP7gL => [200] 
[GET] https://soundmaxx.vercel.app/api/jobs/Jqt8uTEhnzEJMMP7gL => [200] 
[GET] https://soundmaxx.vercel.app/api/jobs/Jqt8uTEhnzEJMMP7gL => [200] 
[GET] https://soundmaxx.vercel.app/api/jobs/Jqt8uTEhnzEJMMP7gL => [200] 
[GET] https://soundmaxx.vercel.app/api/jobs/Jqt8uTEhnzEJMMP7gL => [200] 
[GET] https://soundmaxx.vercel.app/api/jobs/Jqt8uTEhnzEJMMP7gL => [200] 
[GET] https://soundmaxx.vercel.app/api/jobs/Jqt8uTEhnzEJMMP7gL => [200] 
[GET] https://soundmaxx.vercel.app/api/jobs/Jqt8uTEhnzEJMMP7gL => [200] 
[GET] https://soundmaxx.vercel.app/api/jobs/Jqt8uTEhnzEJMMP7gL => [200] 
[GET] https://soundmaxx.vercel.app/api/jobs/Jqt8uTEhnzEJMMP7gL => [200] 
[GET] https://soundmaxx.vercel.app/api/jobs/Jqt8uTEhnzEJMMP7gL => [200] 
[GET] https://soundmaxx.vercel.app/api/jobs/Jqt8uTEhnzEJMMP7gL => [200] 
[GET] https://soundmaxx.vercel.app/api/jobs/Jqt8uTEhnzEJMMP7gL => [200] 
[GET] https://soundmaxx.vercel.app/api/jobs/Jqt8uTEhnzEJMMP7gL => [200] 
[GET] https://soundmaxx.vercel.app/api/jobs/Jqt8uTEhnzEJMMP7gL => [200] 
[GET] https://soundmaxx.vercel.app/api/jobs/Jqt8uTEhnzEJMMP7gL => [200] 
[GET] https://soundmaxx.vercel.app/api/jobs/Jqt8uTEhnzEJMMP7gL => [200] 
[GET] https://soundmaxx.vercel.app/api/jobs/Jqt8uTEhnzEJMMP7gL => [200] 
[GET] https://soundmaxx.vercel.app/api/jobs/Jqt8uTEhnzEJMMP7gL => [200] 
[GET] https://soundmaxx.vercel.app/api/jobs/Jqt8uTEhnzEJMMP7gL => [200] 
[GET] https://soundmaxx.vercel.app/api/jobs/Jqt8uTEhnzEJMMP7gL => [200] 
[GET] https://soundmaxx.vercel.app/api/jobs/Jqt8uTEhnzEJMMP7gL => [200] 
[GET] https://soundmaxx.vercel.app/api/jobs/Jqt8uTEhnzEJMMP7gL => [200] 
[GET] https://soundmaxx.vercel.app/api/jobs/Jqt8uTEhnzEJMMP7gL => [200] 
[GET] https://soundmaxx.vercel.app/api/jobs/Jqt8uTEhnzEJMMP7gL => [200] 
[GET] https://soundmaxx.vercel.app/api/jobs/Jqt8uTEhnzEJMMP7gL => [200] 
[GET] https://soundmaxx.vercel.app/api/jobs/Jqt8uTEhnzEJMMP7gL => [200] 
[GET] https://soundmaxx.vercel.app/api/jobs/Jqt8uTEhnzEJMMP7gL => [200] 
[GET] https://soundmaxx.vercel.app/api/jobs/Jqt8uTEhnzEJMMP7gL => [200] 
[GET] https://soundmaxx.vercel.app/api/jobs/Jqt8uTEhnzEJMMP7gL => [200] 
[GET] https://soundmaxx.vercel.app/api/jobs/Jqt8uTEhnzEJMMP7gL => [200] 
[GET] https://soundmaxx.vercel.app/api/jobs/Jqt8uTEhnzEJMMP7gL => [200] 
[GET] https://soundmaxx.vercel.app/api/jobs/Jqt8uTEhnzEJMMP7gL => [200] 